<?xml version="1.0" encoding="UTF-8"?>
<!-- Generated by org.testng.reporters.JUnitReportReporter -->
<testsuite skipped="0" hostname="zurbagan3" name="org.andestech.learning.rfb18.g2.AppTest" tests="2" failures="0" timestamp="22 ноя 2018 05:31:26 GMT" time="0.000" errors="0">
  <testcase name="TestCase01" time="0.000" classname="org.andestech.learning.rfb18.g2.AppTest"/>
  <testcase name="TestCase02" time="0.000" classname="org.andestech.learning.rfb18.g2.AppTest"/>
</testsuite> <!-- org.andestech.learning.rfb18.g2.AppTest -->
